{
  "target": "config_json",
  "risk": "CRITICAL",
  "policy_verdict": "BLOCK",
  "environment": "production",
  "findings": [
    "config_to_execution",
    "allowlist_bypass"
  ],
  "verdicts": [
    {
      "pattern": "config_to_execution",
      "severity": "CRITICAL",
      "verdict": "BLOCK",
      "indicator": "mcpServers.promptfoo_attack.command = python"
    },
    {
      "pattern": "allowlist_bypass",
      "severity": "HIGH",
      "verdict": "BLOCK",
      "indicator": "mcpServers.promptfoo_attack.args contains flags: ['-c', \"print('pwned')\"]"
    }
  ],
  "recommendations": [
    {
      "pattern": "config_to_execution",
      "recommendation": "Never execute commands from user config. Validate and sanitize all config inputs."
    },
    {
      "pattern": "allowlist_bypass",
      "recommendation": "Validate both command name AND arguments. Use strict argument schemas."
    }
  ]
}
