✅ 检测到主要语言: js
╭────────────── Runner ───────────────╮
│                                     │
│  MCPScan 安全扫描                   │
│  📁 /servers/vuln-allowlist-bypass  │
│                                     │
╰─────────────────────────────────────╯
───────────────────────────── 阶段 1: Semgrep 扫描 ─────────────────────────────
⠴ 🔍 执行 Semgrep … ╸                                                    0:00:01
╭──────────────────────────────── Semgrep 结果 ────────────────────────────────╮
│ Semgrep 共发现 9 条命中                                                      │
╰──────────────────────────────────────────────────────────────────────────────╯
──────────────────── 阶段 2: 提取 Description 并评估恶意性 ─────────────────────
───────────────────────────────── 扫描结果汇总 ─────────────────────────────────
┏━━━━━━━━━━━━━━━━━━━━━━━━━━━━━━━━┳━━━━━━━━━┳━━━━━━━━━┳━━━━━━━┳━━━━━━━┳━━━━━━━━━┓
┃                                ┃         ┃ Risk    ┃       ┃       ┃ Illustr ┃
┃ File                           ┃ Rule ID ┃ Catego… ┃ Type  ┃ Level ┃ ate     ┃
┡━━━━━━━━━━━━━━━━━━━━━━━━━━━━━━━━╇━━━━━━━━━╇━━━━━━━━━╇━━━━━━━╇━━━━━━━╇━━━━━━━━━┩
│ /servers/vuln-allowlist-bypas… │ opt.mc… │ Suspec… │ ERROR │ HIGH  │ 中风险  │
│                                │         │ malici… │       │       │ ：检测  │
│                                │         │ code in │       │       │ 到系统  │
│                                │         │ the     │       │       │ 命令执  │
│                                │         │ tool.   │       │       │ 行      │
│                                │         │         │       │       │ -       │
│                                │         │         │       │       │ 命令调  │
│                                │         │         │       │       │ 用:     │
│                                │         │         │       │       │ fullCmd │
│                                │         │         │       │       │ -       │
│                                │         │         │       │       │ 风险级  │
│                                │         │         │       │       │ 别:     │
│                                │         │         │       │       │ 中风险  │
│                                │         │         │       │       │ -       │
│                                │         │         │       │       │ 系统命  │
│                                │         │         │       │       │ 令执行  │
│                                │         │         │       │       │         │
│ /servers/vuln-allowlist-bypas… │ opt.mc… │ Suspec… │ ERROR │ HIGH  │ 中风险  │
│                                │         │ malici… │       │       │ ：检测  │
│                                │         │ code in │       │       │ 到系统  │
│                                │         │ the     │       │       │ 命令执  │
│                                │         │ tool.   │       │       │ 行      │
│                                │         │         │       │       │ -       │
│                                │         │         │       │       │ 命令调  │
│                                │         │         │       │       │ 用:     │
│                                │         │         │       │       │ fullCmd │
│                                │         │         │       │       │ -       │
│                                │         │         │       │       │ 风险级  │
│                                │         │         │       │       │ 别:     │
│                                │         │         │       │       │ 中风险  │
│                                │         │         │       │       │ -       │
│                                │         │         │       │       │ 系统命  │
│                                │         │         │       │       │ 令执行  │
│                                │         │         │       │       │         │
└────────────────────────────────┴─────────┴─────────┴───────┴───────┴─────────┘
💾 结果已保存至 /results/raw/mcpscan/vuln-allowlist-bypass.json.tmp.UAK8Qg
