✅ 检测到主要语言: py
╭─────────── Runner ────────────╮
│                               │
│  MCPScan 安全扫描             │
│  📁 /servers/vuln-filesystem  │
│                               │
╰───────────────────────────────╯
───────────────────────────── 阶段 1: Semgrep 扫描 ─────────────────────────────
⠸ 🔍 执行 Semgrep … ╸                                                    0:00:01
╭──────────────────────────────── Semgrep 结果 ────────────────────────────────╮
│ Semgrep 共发现 0 条命中                                                      │
╰──────────────────────────────────────────────────────────────────────────────╯
──────────────────── 阶段 2: 提取 Description 并评估恶意性 ─────────────────────
───────────────────────────────── 扫描结果汇总 ─────────────────────────────────
┏━━━━━━━━━━━━━━━━━━━━━━━━━━━━━━━━┳━━━━━━━━━┳━━━━━━━━━┳━━━━━━┳━━━━━━━┳━━━━━━━━━━┓
┃                                ┃         ┃ Risk    ┃      ┃       ┃ Illustra ┃
┃ File                           ┃ Rule ID ┃ Catego… ┃ Type ┃ Level ┃ te       ┃
┡━━━━━━━━━━━━━━━━━━━━━━━━━━━━━━━━╇━━━━━━━━━╇━━━━━━━━━╇━━━━━━╇━━━━━━━╇━━━━━━━━━━┩
│ -                              │ -       │ 无风险  │ -    │ -     │ 未检测到 │
│                                │         │         │      │       │ 任何风险 │
└────────────────────────────────┴─────────┴─────────┴──────┴───────┴──────────┘
💾 结果已保存至 /results/raw/mcpscan/vuln-filesystem.json.tmp.qUk5Xm
