✅ 检测到主要语言: py
╭──────── Runner ─────────╮
│                         │
│  MCPScan 安全扫描       │
│  📁 /servers/vuln-exec  │
│                         │
╰─────────────────────────╯
───────────────────────────── 阶段 1: Semgrep 扫描 ─────────────────────────────
⠸ 🔍 执行 Semgrep … ╸                                                    0:00:01
╭──────────────────────────────── Semgrep 结果 ────────────────────────────────╮
│ Semgrep 共发现 3 条命中                                                      │
╰──────────────────────────────────────────────────────────────────────────────╯
──────────────────── 阶段 2: 提取 Description 并评估恶意性 ─────────────────────
───────────────────────────────── 扫描结果汇总 ─────────────────────────────────
┏━━━━━━━━━━━━━━━━━━━━━━━━━━━━━━━━┳━━━━━━━━━┳━━━━━━━━━┳━━━━━━━┳━━━━━━━┳━━━━━━━━━┓
┃                                ┃         ┃ Risk    ┃       ┃       ┃ Illustr ┃
┃ File                           ┃ Rule ID ┃ Catego… ┃ Type  ┃ Level ┃ ate     ┃
┡━━━━━━━━━━━━━━━━━━━━━━━━━━━━━━━━╇━━━━━━━━━╇━━━━━━━━━╇━━━━━━━╇━━━━━━━╇━━━━━━━━━┩
│ /servers/vuln-exec/server.py   │ opt.mc… │ Suspec… │ ERROR │ HIGH  │ 中风险  │
│                                │         │ malici… │       │       │ ：检测  │
│                                │         │ code in │       │       │ 到系统  │
│                                │         │ the     │       │       │ 命令执  │
│                                │         │ tool.   │       │       │ 行      │
│                                │         │         │       │       │ -       │
│                                │         │         │       │       │ 命令调  │
│                                │         │         │       │       │ 用: cmd │
│                                │         │         │       │       │ -       │
│                                │         │         │       │       │ 风险级  │
│                                │         │         │       │       │ 别:     │
│                                │         │         │       │       │ 中风险  │
│                                │         │         │       │       │ -       │
│                                │         │         │       │       │ 系统命  │
│                                │         │         │       │       │ 令执行  │
│                                │         │         │       │       │         │
│ /servers/vuln-exec/server.py   │ opt.mc… │ Suspec… │ ERROR │ HIGH  │ 中风险  │
│                                │         │ malici… │       │       │ ：检测  │
│                                │         │ code in │       │       │ 到系统  │
│                                │         │ the     │       │       │ 命令执  │
│                                │         │ tool.   │       │       │ 行      │
│                                │         │         │       │       │ -       │
│                                │         │         │       │       │ 命令调  │
│                                │         │         │       │       │ 用:     │
│                                │         │         │       │       │ full_cm │
│                                │         │         │       │       │ d       │
│                                │         │         │       │       │ -       │
│                                │         │         │       │       │ 风险级  │
│                                │         │         │       │       │ 别:     │
│                                │         │         │       │       │ 中风险  │
│                                │         │         │       │       │ -       │
│                                │         │         │       │       │ 系统命  │
│                                │         │         │       │       │ 令执行  │
│                                │         │         │       │       │         │
│ /servers/vuln-exec/server.py   │ opt.mc… │ Suspec… │ ERROR │ HIGH  │ 中风险  │
│                                │         │ malici… │       │       │ ：检测  │
│                                │         │ code in │       │       │ 到系统  │
│                                │         │ the     │       │       │ 命令执  │
│                                │         │ tool.   │       │       │ 行      │
│                                │         │         │       │       │ -       │
│                                │         │         │       │       │ 命令调  │
│                                │         │         │       │       │ 用:     │
│                                │         │         │       │       │ ["pip", │
│                                │         │         │       │       │ "instal │
│                                │         │         │       │       │ l",     │
│                                │         │         │       │       │ package │
│                                │         │         │       │       │ _name]  │
│                                │         │         │       │       │ -       │
│                                │         │         │       │       │ 风险级  │
│                                │         │         │       │       │ 别:     │
│                                │         │         │       │       │ 中风险  │
│                                │         │         │       │       │ -       │
│                                │         │         │       │       │ 系统命  │
│                                │         │         │       │       │ 令执行  │
│                                │         │         │       │       │         │
└────────────────────────────────┴─────────┴─────────┴───────┴───────┴─────────┘
💾 结果已保存至 /results/raw/mcpscan/vuln-exec.json.tmp.lX0RYo
