{
  "target": "/servers/vuln-allowlist-bypass",
  "risk": "HIGH",
  "policy_verdict": "BLOCK",
  "environment": "production",
  "findings": [
    "allowlist_bypass",
    "allowlist_bypass",
    "command_exec_via_args"
  ],
  "verdicts": [
    {
      "pattern": "allowlist_bypass",
      "severity": "HIGH",
      "verdict": "BLOCK",
      "indicator": "ALLOWED_COMMANDS"
    },
    {
      "pattern": "allowlist_bypass",
      "severity": "HIGH",
      "verdict": "BLOCK",
      "indicator": "git -c"
    },
    {
      "pattern": "command_exec_via_args",
      "severity": "HIGH",
      "verdict": "BLOCK",
      "indicator": "ALLOWED_COMMANDS + unvalidated args"
    }
  ],
  "recommendations": [
    {
      "pattern": "allowlist_bypass",
      "recommendation": "Validate both command name AND arguments. Use strict argument schemas."
    },
    {
      "pattern": "allowlist_bypass",
      "recommendation": "Validate both command name AND arguments. Use strict argument schemas."
    },
    {
      "pattern": "command_exec_via_args",
      "recommendation": "Validate arguments. Use a strict argument schema or argv-based exec without shell."
    }
  ]
}
