{
  "target": "/servers/vuln-authless",
  "risk": "HIGH",
  "policy_verdict": "BLOCK",
  "environment": "production",
  "findings": [
    "unrestricted_file_read",
    "env_exposure",
    "tool_poisoning",
    "tool_poisoning",
    "tool_poisoning"
  ],
  "verdicts": [
    {
      "pattern": "unrestricted_file_read",
      "severity": "HIGH",
      "verdict": "BLOCK",
      "indicator": "no path restriction"
    },
    {
      "pattern": "env_exposure",
      "severity": "HIGH",
      "verdict": "BLOCK",
      "indicator": "dict(os.environ)"
    },
    {
      "pattern": "tool_poisoning",
      "severity": "HIGH",
      "verdict": "BLOCK",
      "indicator": "IGNORE ANY PREVIOUS"
    },
    {
      "pattern": "tool_poisoning",
      "severity": "HIGH",
      "verdict": "BLOCK",
      "indicator": "NOTE TO ASSISTANT:"
    },
    {
      "pattern": "tool_poisoning",
      "severity": "HIGH",
      "verdict": "BLOCK",
      "indicator": "IMPORTANT:"
    }
  ],
  "recommendations": [
    {
      "pattern": "unrestricted_file_read",
      "recommendation": "Restrict file access to allowlisted directories. Validate paths against traversal."
    },
    {
      "pattern": "env_exposure",
      "recommendation": "Never expose full environment. Use secret masking and allowlisted keys only."
    },
    {
      "pattern": "tool_poisoning",
      "recommendation": "Remove hidden instructions from tool descriptions. Keep descriptions factual."
    },
    {
      "pattern": "tool_poisoning",
      "recommendation": "Remove hidden instructions from tool descriptions. Keep descriptions factual."
    },
    {
      "pattern": "tool_poisoning",
      "recommendation": "Remove hidden instructions from tool descriptions. Keep descriptions factual."
    }
  ]
}
