{
  "target": "/servers/vuln-config-exec",
  "risk": "CRITICAL",
  "policy_verdict": "BLOCK",
  "environment": "production",
  "findings": [
    "config_to_execution",
    "remote_config_loading",
    "command_exec"
  ],
  "verdicts": [
    {
      "pattern": "config_to_execution",
      "severity": "CRITICAL",
      "verdict": "BLOCK",
      "indicator": "apply_config"
    },
    {
      "pattern": "remote_config_loading",
      "severity": "HIGH",
      "verdict": "BLOCK",
      "indicator": "load_mcp_config"
    },
    {
      "pattern": "command_exec",
      "severity": "CRITICAL",
      "verdict": "BLOCK",
      "indicator": "subprocess.run"
    }
  ],
  "recommendations": [
    {
      "pattern": "config_to_execution",
      "recommendation": "Never execute commands from user config. Validate and sanitize all config inputs."
    },
    {
      "pattern": "remote_config_loading",
      "recommendation": "Never fetch and apply config from untrusted URLs. Pin config sources and verify integrity."
    },
    {
      "pattern": "command_exec",
      "recommendation": "Remove direct command execution. Use allowlisted operations only."
    }
  ]
}
