{
  "target": "/servers/vuln-network",
  "risk": "HIGH",
  "policy_verdict": "BLOCK",
  "environment": "production",
  "findings": [
    "ssrf",
    "cors_misconfiguration",
    "internal_metadata_exposure"
  ],
  "verdicts": [
    {
      "pattern": "ssrf",
      "severity": "HIGH",
      "verdict": "BLOCK",
      "indicator": "fetch_url"
    },
    {
      "pattern": "cors_misconfiguration",
      "severity": "MEDIUM",
      "verdict": "CONDITIONAL",
      "indicator": "origin: \"*\""
    },
    {
      "pattern": "internal_metadata_exposure",
      "severity": "HIGH",
      "verdict": "BLOCK",
      "indicator": "internal_services"
    }
  ],
  "recommendations": [
    {
      "pattern": "ssrf",
      "recommendation": "Implement URL allowlisting. Block private/internal IP ranges."
    },
    {
      "pattern": "cors_misconfiguration",
      "recommendation": "Restrict CORS to specific origins. Avoid wildcard in production."
    },
    {
      "pattern": "internal_metadata_exposure",
      "recommendation": "Do not return internal network/process metadata from tools. Restrict diagnostics to operators."
    }
  ]
}
